\BOOKMARK [0][-]{chapter.1}{\376\377\000D\000o\000c\000u\000m\000e\000n\000t\000\040\000S\000t\000r\000u\000c\000t\000u\000r\000e\000\040\000\046\000\040\000D\000o\000c\000u\000m\000e\000n\000t\000\040\000C\000l\000a\000s\000s\000e\000s}{}% 1
\BOOKMARK [1][-]{section.1.1}{\376\377\000D\000o\000c\000u\000m\000e\000n\000t\000\040\000C\000l\000a\000s\000s\000e\000s}{chapter.1}% 2
\BOOKMARK [2][-]{subsection.1.1.1}{\376\377\000D\000o\000c\000u\000m\000e\000n\000t\000\040\000C\000l\000a\000s\000s\000\040\000O\000p\000t\000i\000o\000n\000s}{section.1.1}% 3
\BOOKMARK [1][-]{section.1.2}{\376\377\000S\000e\000c\000t\000i\000o\000n\000i\000n\000g\000\040\000C\000o\000m\000m\000a\000n\000d\000s}{chapter.1}% 4
\BOOKMARK [2][-]{subsection.1.2.1}{\376\377\000S\000t\000a\000r\000r\000e\000d\000\040\000V\000e\000r\000s\000i\000o\000n\000s}{section.1.2}% 5
\BOOKMARK [1][-]{section.1.3}{\376\377\000I\000n\000p\000u\000t\000\040\000a\000n\000d\000\040\000I\000n\000c\000l\000u\000d\000e}{chapter.1}% 6
\BOOKMARK [1][-]{section.1.4}{\376\377\000C\000o\000m\000m\000e\000n\000t\000s}{chapter.1}% 7
\BOOKMARK [1][-]{section.1.5}{\376\377\000S\000p\000e\000c\000i\000a\000l\000\040\000C\000h\000a\000r\000a\000c\000t\000e\000r\000s}{chapter.1}% 8
\BOOKMARK [0][-]{chapter.2}{\376\377\000T\000e\000x\000t\000\040\000F\000o\000r\000m\000a\000t\000t\000i\000n\000g\000\040\000\046\000\040\000F\000o\000n\000t\000s}{}% 9
\BOOKMARK [1][-]{section.2.1}{\376\377\000F\000o\000n\000t\000\040\000S\000t\000y\000l\000e\000s}{chapter.2}% 10
\BOOKMARK [2][-]{subsection.2.1.1}{\376\377\000E\000x\000a\000m\000p\000l\000e\000s}{section.2.1}% 11
\BOOKMARK [1][-]{section.2.2}{\376\377\000F\000o\000n\000t\000\040\000S\000i\000z\000e\000s}{chapter.2}% 12
\BOOKMARK [1][-]{section.2.3}{\376\377\000T\000e\000x\000t\000\040\000A\000l\000i\000g\000n\000m\000e\000n\000t}{chapter.2}% 13
\BOOKMARK [2][-]{subsection.2.3.1}{\376\377\000C\000e\000n\000t\000e\000r\000i\000n\000g}{section.2.3}% 14
\BOOKMARK [2][-]{subsection.2.3.2}{\376\377\000F\000l\000u\000s\000h\000\040\000L\000e\000f\000t\000\040\000\050\000R\000a\000g\000g\000e\000d\000\040\000R\000i\000g\000h\000t\000\051}{section.2.3}% 15
\BOOKMARK [2][-]{subsection.2.3.3}{\376\377\000F\000l\000u\000s\000h\000\040\000R\000i\000g\000h\000t\000\040\000\050\000R\000a\000g\000g\000e\000d\000\040\000L\000e\000f\000t\000\051}{section.2.3}% 16
\BOOKMARK [1][-]{section.2.4}{\376\377\000L\000i\000n\000e\000\040\000\046\000\040\000P\000a\000r\000a\000g\000r\000a\000p\000h\000\040\000S\000p\000a\000c\000i\000n\000g}{chapter.2}% 17
\BOOKMARK [2][-]{subsection.2.4.1}{\376\377\000V\000e\000r\000t\000i\000c\000a\000l\000\040\000S\000p\000a\000c\000i\000n\000g}{section.2.4}% 18
\BOOKMARK [2][-]{subsection.2.4.2}{\376\377\000H\000o\000r\000i\000z\000o\000n\000t\000a\000l\000\040\000S\000p\000a\000c\000i\000n\000g}{section.2.4}% 19
\BOOKMARK [1][-]{section.2.5}{\376\377\000T\000e\000x\000t\000\040\000D\000e\000c\000o\000r\000a\000t\000i\000o\000n\000\040\000\046\000\040\000C\000o\000l\000o\000r}{chapter.2}% 20
\BOOKMARK [2][-]{subsection.2.5.1}{\376\377\000U\000n\000d\000e\000r\000l\000i\000n\000e\000\040\000a\000n\000d\000\040\000O\000v\000e\000r\000l\000i\000n\000e}{section.2.5}% 21
\BOOKMARK [2][-]{subsection.2.5.2}{\376\377\000S\000t\000r\000i\000k\000e\000t\000h\000r\000o\000u\000g\000h\000\040\000\050\000r\000e\000q\000u\000i\000r\000e\000s\000\040\000u\000l\000e\000m\000\040\000p\000a\000c\000k\000a\000g\000e\000\051}{section.2.5}% 22
\BOOKMARK [2][-]{subsection.2.5.3}{\376\377\000T\000e\000x\000t\000\040\000C\000o\000l\000o\000r\000\040\000\050\000x\000c\000o\000l\000o\000r\000\040\000p\000a\000c\000k\000a\000g\000e\000\051}{section.2.5}% 23
\BOOKMARK [1][-]{section.2.6}{\376\377\000A\000c\000c\000e\000n\000t\000s\000\040\000a\000n\000d\000\040\000S\000p\000e\000c\000i\000a\000l\000\040\000C\000h\000a\000r\000a\000c\000t\000e\000r\000s}{chapter.2}% 24
\BOOKMARK [1][-]{section.2.7}{\376\377\000D\000a\000s\000h\000e\000s\000\040\000a\000n\000d\000\040\000Q\000u\000o\000t\000e\000s}{chapter.2}% 25
\BOOKMARK [0][-]{chapter.3}{\376\377\000L\000i\000s\000t\000s}{}% 26
\BOOKMARK [1][-]{section.3.1}{\376\377\000I\000t\000e\000m\000i\000z\000e\000\040\000\050\000B\000u\000l\000l\000e\000t\000e\000d\000\040\000L\000i\000s\000t\000s\000\051}{chapter.3}% 27
\BOOKMARK [2][-]{subsection.3.1.1}{\376\377\000N\000e\000s\000t\000e\000d\000\040\000I\000t\000e\000m\000i\000z\000e}{section.3.1}% 28
\BOOKMARK [1][-]{section.3.2}{\376\377\000E\000n\000u\000m\000e\000r\000a\000t\000e\000\040\000\050\000N\000u\000m\000b\000e\000r\000e\000d\000\040\000L\000i\000s\000t\000s\000\051}{chapter.3}% 29
\BOOKMARK [2][-]{subsection.3.2.1}{\376\377\000N\000e\000s\000t\000e\000d\000\040\000E\000n\000u\000m\000e\000r\000a\000t\000e}{section.3.2}% 30
\BOOKMARK [1][-]{section.3.3}{\376\377\000D\000e\000s\000c\000r\000i\000p\000t\000i\000o\000n\000\040\000L\000i\000s\000t\000s}{chapter.3}% 31
\BOOKMARK [1][-]{section.3.4}{\376\377\000C\000u\000s\000t\000o\000m\000i\000z\000i\000n\000g\000\040\000L\000i\000s\000t\000s\000\040\000w\000i\000t\000h\000\040\000e\000n\000u\000m\000i\000t\000e\000m}{chapter.3}% 32
\BOOKMARK [2][-]{subsection.3.4.1}{\376\377\000C\000u\000s\000t\000o\000m\000\040\000L\000a\000b\000e\000l\000s}{section.3.4}% 33
\BOOKMARK [2][-]{subsection.3.4.2}{\376\377\000C\000u\000s\000t\000o\000m\000\040\000B\000u\000l\000l\000e\000t\000\040\000S\000y\000m\000b\000o\000l\000s}{section.3.4}% 34
\BOOKMARK [2][-]{subsection.3.4.3}{\376\377\000S\000p\000a\000c\000i\000n\000g\000\040\000C\000o\000n\000t\000r\000o\000l}{section.3.4}% 35
\BOOKMARK [1][-]{section.3.5}{\376\377\000I\000n\000l\000i\000n\000e\000\040\000L\000i\000s\000t\000s}{chapter.3}% 36
\BOOKMARK [1][-]{section.3.6}{\376\377\000L\000i\000s\000t\000\040\000S\000u\000m\000m\000a\000r\000y}{chapter.3}% 37
\BOOKMARK [0][-]{chapter.4}{\376\377\000T\000a\000b\000l\000e\000s}{}% 38
\BOOKMARK [1][-]{section.4.1}{\376\377\000B\000a\000s\000i\000c\000\040\000T\000a\000b\000l\000e\000\040\000\050\000t\000a\000b\000u\000l\000a\000r\000\051}{chapter.4}% 39
\BOOKMARK [2][-]{subsection.4.1.1}{\376\377\000C\000o\000l\000u\000m\000n\000\040\000T\000y\000p\000e\000s}{section.4.1}% 40
\BOOKMARK [2][-]{subsection.4.1.2}{\376\377\000B\000a\000s\000i\000c\000\040\000E\000x\000a\000m\000p\000l\000e}{section.4.1}% 41
\BOOKMARK [1][-]{section.4.2}{\376\377\000T\000a\000b\000l\000e\000\040\000S\000y\000n\000t\000a\000x}{chapter.4}% 42
\BOOKMARK [1][-]{section.4.3}{\376\377\000P\000r\000o\000f\000e\000s\000s\000i\000o\000n\000a\000l\000\040\000T\000a\000b\000l\000e\000s\000\040\000w\000i\000t\000h\000\040\000b\000o\000o\000k\000t\000a\000b\000s}{chapter.4}% 43
\BOOKMARK [1][-]{section.4.4}{\376\377\000M\000u\000l\000t\000i\000-\000c\000o\000l\000u\000m\000n\000\040\000a\000n\000d\000\040\000M\000u\000l\000t\000i\000-\000r\000o\000w}{chapter.4}% 44
\BOOKMARK [2][-]{subsection.4.4.1}{\376\377\000M\000u\000l\000t\000i\000-\000c\000o\000l\000u\000m\000n\000\040\000\050\000\134\000m\000u\000l\000t\000i\000c\000o\000l\000u\000m\000n\000\051}{section.4.4}% 45
\BOOKMARK [2][-]{subsection.4.4.2}{\376\377\000M\000u\000l\000t\000i\000-\000r\000o\000w\000\040\000\050\000m\000u\000l\000t\000i\000r\000o\000w\000\040\000p\000a\000c\000k\000a\000g\000e\000\051}{section.4.4}% 46
\BOOKMARK [1][-]{section.4.5}{\376\377\000F\000i\000x\000e\000d\000-\000w\000i\000d\000t\000h\000\040\000T\000a\000b\000l\000e\000s\000\040\000\050\000t\000a\000b\000u\000l\000a\000r\000x\000\051}{chapter.4}% 47
\BOOKMARK [1][-]{section.4.6}{\376\377\000M\000u\000l\000t\000i\000-\000p\000a\000g\000e\000\040\000T\000a\000b\000l\000e\000s\000\040\000\050\000l\000o\000n\000g\000t\000a\000b\000l\000e\000\051}{chapter.4}% 48
\BOOKMARK [1][-]{section.4.7}{\376\377\000T\000a\000b\000l\000e\000\040\000P\000l\000a\000c\000e\000m\000e\000n\000t\000\040\000\050\000F\000l\000o\000a\000t\000\051}{chapter.4}% 49
\BOOKMARK [1][-]{section.4.8}{\376\377\000C\000o\000l\000o\000r\000e\000d\000\040\000T\000a\000b\000l\000e\000s}{chapter.4}% 50
\BOOKMARK [1][-]{section.4.9}{\376\377\000T\000a\000b\000l\000e\000\040\000Q\000u\000i\000c\000k\000\040\000R\000e\000f\000e\000r\000e\000n\000c\000e}{chapter.4}% 51
\BOOKMARK [0][-]{chapter.5}{\376\377\000M\000a\000t\000h\000e\000m\000a\000t\000i\000c\000s}{}% 52
\BOOKMARK [1][-]{section.5.1}{\376\377\000M\000a\000t\000h\000\040\000M\000o\000d\000e\000s}{chapter.5}% 53
\BOOKMARK [1][-]{section.5.2}{\376\377\000S\000u\000p\000e\000r\000s\000c\000r\000i\000p\000t\000s\000\040\000a\000n\000d\000\040\000S\000u\000b\000s\000c\000r\000i\000p\000t\000s}{chapter.5}% 54
\BOOKMARK [1][-]{section.5.3}{\376\377\000F\000r\000a\000c\000t\000i\000o\000n\000s}{chapter.5}% 55
\BOOKMARK [1][-]{section.5.4}{\376\377\000R\000o\000o\000t\000s}{chapter.5}% 56
\BOOKMARK [1][-]{section.5.5}{\376\377\000S\000u\000m\000s\000,\000\040\000P\000r\000o\000d\000u\000c\000t\000s\000,\000\040\000I\000n\000t\000e\000g\000r\000a\000l\000s}{chapter.5}% 57
\BOOKMARK [1][-]{section.5.6}{\376\377\000G\000r\000e\000e\000k\000\040\000L\000e\000t\000t\000e\000r\000s}{chapter.5}% 58
\BOOKMARK [1][-]{section.5.7}{\376\377\000M\000a\000t\000h\000e\000m\000a\000t\000i\000c\000a\000l\000\040\000O\000p\000e\000r\000a\000t\000o\000r\000s\000\040\000a\000n\000d\000\040\000F\000u\000n\000c\000t\000i\000o\000n\000s}{chapter.5}% 59
\BOOKMARK [1][-]{section.5.8}{\376\377\000R\000e\000l\000a\000t\000i\000o\000n\000s\000\040\000a\000n\000d\000\040\000B\000i\000n\000a\000r\000y\000\040\000O\000p\000e\000r\000a\000t\000o\000r\000s}{chapter.5}% 60
\BOOKMARK [1][-]{section.5.9}{\376\377\000A\000r\000r\000o\000w\000s}{chapter.5}% 61
\BOOKMARK [1][-]{section.5.10}{\376\377\000M\000a\000t\000r\000i\000c\000e\000s}{chapter.5}% 62
\BOOKMARK [1][-]{section.5.11}{\376\377\000M\000u\000l\000t\000i\000-\000l\000i\000n\000e\000\040\000E\000q\000u\000a\000t\000i\000o\000n\000s\000\040\000\050\000a\000l\000i\000g\000n\000\051}{chapter.5}% 63
\BOOKMARK [1][-]{section.5.12}{\376\377\000C\000a\000s\000e\000s\000\040\000a\000n\000d\000\040\000P\000i\000e\000c\000e\000w\000i\000s\000e\000\040\000F\000u\000n\000c\000t\000i\000o\000n\000s}{chapter.5}% 64
\BOOKMARK [1][-]{section.5.13}{\376\377\000A\000c\000c\000e\000n\000t\000s\000\040\000i\000n\000\040\000M\000a\000t\000h\000\040\000M\000o\000d\000e}{chapter.5}% 65
\BOOKMARK [1][-]{section.5.14}{\376\377\000S\000p\000a\000c\000i\000n\000g\000\040\000i\000n\000\040\000M\000a\000t\000h\000\040\000M\000o\000d\000e}{chapter.5}% 66
\BOOKMARK [1][-]{section.5.15}{\376\377\000T\000e\000x\000t\000\040\000I\000n\000s\000i\000d\000e\000\040\000M\000a\000t\000h\000\040\000M\000o\000d\000e}{chapter.5}% 67
\BOOKMARK [1][-]{section.5.16}{\376\377\000T\000h\000e\000o\000r\000e\000m\000s\000\040\000a\000n\000d\000\040\000P\000r\000o\000o\000f\000s}{chapter.5}% 68
\BOOKMARK [1][-]{section.5.17}{\376\377\000C\000o\000m\000p\000r\000e\000h\000e\000n\000s\000i\000v\000e\000\040\000M\000a\000t\000h\000\040\000E\000x\000a\000m\000p\000l\000e}{chapter.5}% 69
\BOOKMARK [0][-]{chapter.6}{\376\377\000F\000i\000g\000u\000r\000e\000s\000\040\000\046\000\040\000I\000m\000a\000g\000e\000s}{}% 70
\BOOKMARK [1][-]{section.6.1}{\376\377\000I\000n\000c\000l\000u\000d\000i\000n\000g\000\040\000I\000m\000a\000g\000e\000s\000\040\000\050\000g\000r\000a\000p\000h\000i\000c\000x\000\051}{chapter.6}% 71
\BOOKMARK [1][-]{section.6.2}{\376\377\000F\000i\000g\000u\000r\000e\000\040\000E\000n\000v\000i\000r\000o\000n\000m\000e\000n\000t\000\040\000\050\000F\000l\000o\000a\000t\000\051}{chapter.6}% 72
\BOOKMARK [2][-]{subsection.6.2.1}{\376\377\000R\000e\000f\000e\000r\000e\000n\000c\000i\000n\000g\000\040\000F\000i\000g\000u\000r\000e\000s}{section.6.2}% 73
\BOOKMARK [1][-]{section.6.3}{\376\377\000S\000u\000b\000f\000i\000g\000u\000r\000e\000s\000\040\000\050\000s\000u\000b\000c\000a\000p\000t\000i\000o\000n\000\040\000p\000a\000c\000k\000a\000g\000e\000\051}{chapter.6}% 74
\BOOKMARK [1][-]{section.6.4}{\376\377\000I\000m\000a\000g\000e\000\040\000S\000i\000z\000e\000\040\000O\000p\000t\000i\000o\000n\000s}{chapter.6}% 75
\BOOKMARK [1][-]{section.6.5}{\376\377\000W\000r\000a\000p\000p\000i\000n\000g\000\040\000T\000e\000x\000t\000\040\000A\000r\000o\000u\000n\000d\000\040\000I\000m\000a\000g\000e\000s}{chapter.6}% 76
\BOOKMARK [1][-]{section.6.6}{\376\377\000D\000r\000a\000w\000i\000n\000g\000\040\000S\000i\000m\000p\000l\000e\000\040\000G\000r\000a\000p\000h\000i\000c\000s\000\040\000w\000i\000t\000h\000\040\000T\000i\000k\000Z\000\040\000\050\000P\000r\000e\000v\000i\000e\000w\000\051}{chapter.6}% 77
\BOOKMARK [0][-]{chapter.7}{\376\377\000C\000r\000o\000s\000s\000\040\000R\000e\000f\000e\000r\000e\000n\000c\000e\000s\000\040\000\046\000\040\000H\000y\000p\000e\000r\000l\000i\000n\000k\000s}{}% 78
\BOOKMARK [1][-]{section.7.1}{\376\377\000L\000a\000b\000e\000l\000s\000\040\000a\000n\000d\000\040\000R\000e\000f\000e\000r\000e\000n\000c\000e\000s}{chapter.7}% 79
\BOOKMARK [2][-]{subsection.7.1.1}{\376\377\000L\000a\000b\000e\000l\000\040\000N\000a\000m\000i\000n\000g\000\040\000C\000o\000n\000v\000e\000n\000t\000i\000o\000n\000s}{section.7.1}% 80
\BOOKMARK [2][-]{subsection.7.1.2}{\376\377\000P\000a\000g\000e\000r\000e\000f\000\040\000a\000n\000d\000\040\000N\000a\000m\000e\000r\000e\000f}{section.7.1}% 81
\BOOKMARK [1][-]{section.7.2}{\376\377\000H\000y\000p\000e\000r\000l\000i\000n\000k\000s\000\040\000\050\000h\000y\000p\000e\000r\000r\000e\000f\000\040\000p\000a\000c\000k\000a\000g\000e\000\051}{chapter.7}% 82
\BOOKMARK [1][-]{section.7.3}{\376\377\000T\000a\000b\000l\000e\000\040\000o\000f\000\040\000C\000o\000n\000t\000e\000n\000t\000s}{chapter.7}% 83
\BOOKMARK [2][-]{subsection.7.3.1}{\376\377\000C\000u\000s\000t\000o\000m\000\040\000T\000O\000C\000\040\000E\000n\000t\000r\000y}{section.7.3}% 84
\BOOKMARK [0][-]{chapter.8}{\376\377\000B\000i\000b\000l\000i\000o\000g\000r\000a\000p\000h\000y\000\040\000\046\000\040\000C\000i\000t\000a\000t\000i\000o\000n\000s}{}% 85
\BOOKMARK [1][-]{section.8.1}{\376\377\000B\000a\000s\000i\000c\000\040\000B\000i\000b\000l\000i\000o\000g\000r\000a\000p\000h\000y\000\040\000w\000i\000t\000h\000\040\000t\000h\000e\000b\000i\000b\000l\000i\000o\000g\000r\000a\000p\000h\000y}{chapter.8}% 86
\BOOKMARK [2][-]{subsection.8.1.1}{\376\377\000C\000i\000t\000a\000t\000i\000o\000n\000\040\000C\000o\000m\000m\000a\000n\000d\000s}{section.8.1}% 87
\BOOKMARK [1][-]{section.8.2}{\376\377\000B\000i\000b\000T\000e\000X\000\040\000w\000i\000t\000h\000\040\000.\000b\000i\000b\000\040\000F\000i\000l\000e\000s}{chapter.8}% 88
\BOOKMARK [2][-]{subsection.8.2.1}{\376\377\000T\000h\000e\000\040\000.\000b\000i\000b\000\040\000F\000i\000l\000e}{section.8.2}% 89
\BOOKMARK [2][-]{subsection.8.2.2}{\376\377\000E\000n\000t\000r\000y\000\040\000T\000y\000p\000e\000s}{section.8.2}% 90
\BOOKMARK [2][-]{subsection.8.2.3}{\376\377\000C\000o\000m\000m\000o\000n\000\040\000F\000i\000e\000l\000d\000s}{section.8.2}% 91
\BOOKMARK [1][-]{section.8.3}{\376\377\000U\000s\000i\000n\000g\000\040\000B\000i\000b\000T\000e\000X}{chapter.8}% 92
\BOOKMARK [2][-]{subsection.8.3.1}{\376\377\000B\000i\000b\000l\000i\000o\000g\000r\000a\000p\000h\000y\000\040\000S\000t\000y\000l\000e\000s}{section.8.3}% 93
\BOOKMARK [1][-]{section.8.4}{\376\377\000B\000i\000b\000l\000a\000t\000e\000x\000\040\000\050\000M\000o\000d\000e\000r\000n\000\040\000A\000p\000p\000r\000o\000a\000c\000h\000\051}{chapter.8}% 94
\BOOKMARK [1][-]{section.8.5}{\376\377\000E\000x\000a\000m\000p\000l\000e\000\040\000B\000i\000b\000l\000i\000o\000g\000r\000a\000p\000h\000y}{chapter.8}% 95
\BOOKMARK [0][-]{chapter.9}{\376\377\000C\000o\000d\000e\000\040\000L\000i\000s\000t\000i\000n\000g\000s\000\040\000\046\000\040\000V\000e\000r\000b\000a\000t\000i\000m\000\040\000T\000e\000x\000t}{}% 96
\BOOKMARK [1][-]{section.9.1}{\376\377\000V\000e\000r\000b\000a\000t\000i\000m\000\040\000T\000e\000x\000t}{chapter.9}% 97
\BOOKMARK [2][-]{subsection.9.1.1}{\376\377\000I\000n\000l\000i\000n\000e\000\040\000V\000e\000r\000b\000a\000t\000i\000m\000\040\000E\000x\000a\000m\000p\000l\000e\000s}{section.9.1}% 98
\BOOKMARK [1][-]{section.9.2}{\376\377\000C\000o\000d\000e\000\040\000L\000i\000s\000t\000i\000n\000g\000s\000\040\000\050\000l\000i\000s\000t\000i\000n\000g\000s\000\040\000p\000a\000c\000k\000a\000g\000e\000\051}{chapter.9}% 99
\BOOKMARK [2][-]{subsection.9.2.1}{\376\377\000B\000a\000s\000i\000c\000\040\000L\000i\000s\000t\000i\000n\000g}{section.9.2}% 100
\BOOKMARK [2][-]{subsection.9.2.2}{\376\377\000L\000i\000s\000t\000i\000n\000g\000\040\000w\000i\000t\000h\000\040\000L\000a\000n\000g\000u\000a\000g\000e}{section.9.2}% 101
\BOOKMARK [2][-]{subsection.9.2.3}{\376\377\000J\000a\000v\000a\000\040\000E\000x\000a\000m\000p\000l\000e}{section.9.2}% 102
\BOOKMARK [2][-]{subsection.9.2.4}{\376\377\000C\000/\000C\000+\000+\000\040\000E\000x\000a\000m\000p\000l\000e}{section.9.2}% 103
\BOOKMARK [2][-]{subsection.9.2.5}{\376\377\000J\000a\000v\000a\000S\000c\000r\000i\000p\000t\000\040\000E\000x\000a\000m\000p\000l\000e}{section.9.2}% 104
\BOOKMARK [1][-]{section.9.3}{\376\377\000L\000i\000s\000t\000i\000n\000g\000\040\000S\000t\000y\000l\000e\000s\000\040\000a\000n\000d\000\040\000C\000o\000n\000f\000i\000g\000u\000r\000a\000t\000i\000o\000n}{chapter.9}% 105
\BOOKMARK [1][-]{section.9.4}{\376\377\000I\000n\000l\000i\000n\000e\000\040\000C\000o\000d\000e}{chapter.9}% 106
\BOOKMARK [1][-]{section.9.5}{\376\377\000S\000u\000p\000p\000o\000r\000t\000e\000d\000\040\000L\000a\000n\000g\000u\000a\000g\000e\000s}{chapter.9}% 107
\BOOKMARK [0][-]{chapter.10}{\376\377\000T\000i\000k\000Z\000\040\000G\000r\000a\000p\000h\000i\000c\000s}{}% 108
\BOOKMARK [1][-]{section.10.1}{\376\377\000B\000a\000s\000i\000c\000\040\000S\000h\000a\000p\000e\000s}{chapter.10}% 109
\BOOKMARK [1][-]{section.10.2}{\376\377\000L\000i\000n\000e\000s\000\040\000a\000n\000d\000\040\000P\000a\000t\000h\000s}{chapter.10}% 110
\BOOKMARK [1][-]{section.10.3}{\376\377\000F\000i\000l\000l\000i\000n\000g\000\040\000a\000n\000d\000\040\000C\000o\000l\000o\000r\000s}{chapter.10}% 111
\BOOKMARK [1][-]{section.10.4}{\376\377\000N\000o\000d\000e\000s\000\040\000a\000n\000d\000\040\000L\000a\000b\000e\000l\000s}{chapter.10}% 112
\BOOKMARK [1][-]{section.10.5}{\376\377\000F\000l\000o\000w\000c\000h\000a\000r\000t}{chapter.10}% 113
\BOOKMARK [1][-]{section.10.6}{\376\377\000P\000l\000o\000t\000s\000\040\000w\000i\000t\000h\000\040\000p\000g\000f\000p\000l\000o\000t\000s}{chapter.10}% 114
\BOOKMARK [1][-]{section.10.7}{\376\377\000B\000a\000r\000\040\000C\000h\000a\000r\000t}{chapter.10}% 115
\BOOKMARK [1][-]{section.10.8}{\376\377\000T\000i\000k\000Z\000\040\000S\000t\000y\000l\000e\000s}{chapter.10}% 116
\BOOKMARK [0][-]{chapter.11}{\376\377\000P\000a\000g\000e\000\040\000L\000a\000y\000o\000u\000t\000\040\000\046\000\040\000H\000e\000a\000d\000e\000r\000s\000/\000F\000o\000o\000t\000e\000r\000s}{}% 117
\BOOKMARK [1][-]{section.11.1}{\376\377\000P\000a\000g\000e\000\040\000G\000e\000o\000m\000e\000t\000r\000y\000\040\000\050\000g\000e\000o\000m\000e\000t\000r\000y\000\040\000p\000a\000c\000k\000a\000g\000e\000\051}{chapter.11}% 118
\BOOKMARK [2][-]{subsection.11.1.1}{\376\377\000U\000n\000d\000e\000r\000s\000t\000a\000n\000d\000i\000n\000g\000\040\000P\000a\000g\000e\000\040\000L\000a\000y\000o\000u\000t}{section.11.1}% 119
\BOOKMARK [1][-]{section.11.2}{\376\377\000H\000e\000a\000d\000e\000r\000s\000\040\000a\000n\000d\000\040\000F\000o\000o\000t\000e\000r\000s\000\040\000\050\000f\000a\000n\000c\000y\000h\000d\000r\000\051}{chapter.11}% 120
\BOOKMARK [2][-]{subsection.11.2.1}{\376\377\000P\000o\000s\000i\000t\000i\000o\000n\000\040\000C\000o\000d\000e\000s}{section.11.2}% 121
\BOOKMARK [1][-]{section.11.3}{\376\377\000P\000a\000g\000e\000\040\000N\000u\000m\000b\000e\000r\000i\000n\000g}{chapter.11}% 122
\BOOKMARK [1][-]{section.11.4}{\376\377\000M\000u\000l\000t\000i\000p\000l\000e\000\040\000C\000o\000l\000u\000m\000n\000s}{chapter.11}% 123
\BOOKMARK [1][-]{section.11.5}{\376\377\000P\000a\000g\000e\000\040\000B\000r\000e\000a\000k\000s}{chapter.11}% 124
\BOOKMARK [1][-]{section.11.6}{\376\377\000P\000a\000r\000a\000g\000r\000a\000p\000h\000\040\000C\000o\000n\000t\000r\000o\000l}{chapter.11}% 125
\BOOKMARK [0][-]{chapter.12}{\376\377\000F\000l\000o\000a\000t\000i\000n\000g\000\040\000B\000o\000d\000i\000e\000s\000\040\000\046\000\040\000C\000a\000p\000t\000i\000o\000n\000s}{}% 126
\BOOKMARK [1][-]{section.12.1}{\376\377\000W\000h\000a\000t\000\040\000A\000r\000e\000\040\000F\000l\000o\000a\000t\000s\000?}{chapter.12}% 127
\BOOKMARK [1][-]{section.12.2}{\376\377\000P\000l\000a\000c\000e\000m\000e\000n\000t\000\040\000S\000p\000e\000c\000i\000f\000i\000e\000r\000s}{chapter.12}% 128
\BOOKMARK [1][-]{section.12.3}{\376\377\000C\000a\000p\000t\000i\000o\000n\000s}{chapter.12}% 129
\BOOKMARK [2][-]{subsection.12.3.1}{\376\377\000C\000a\000p\000t\000i\000o\000n\000\040\000S\000t\000y\000l\000e\000s\000\040\000\050\000c\000a\000p\000t\000i\000o\000n\000\040\000p\000a\000c\000k\000a\000g\000e\000\051}{section.12.3}% 130
\BOOKMARK [1][-]{section.12.4}{\376\377\000S\000i\000d\000e\000\040\000C\000a\000p\000t\000i\000o\000n\000s}{chapter.12}% 131
\BOOKMARK [1][-]{section.12.5}{\376\377\000F\000l\000o\000a\000t\000\040\000B\000a\000r\000r\000i\000e\000r\000s}{chapter.12}% 132
\BOOKMARK [1][-]{section.12.6}{\376\377\000C\000o\000n\000t\000r\000o\000l\000l\000i\000n\000g\000\040\000F\000l\000o\000a\000t\000\040\000C\000o\000u\000n\000t\000e\000r\000s}{chapter.12}% 133
\BOOKMARK [0][-]{chapter.13}{\376\377\000E\000s\000s\000e\000n\000t\000i\000a\000l\000\040\000P\000a\000c\000k\000a\000g\000e\000s\000\040\000\046\000\040\000T\000h\000e\000i\000r\000\040\000U\000s\000e\000s}{}% 134
\BOOKMARK [1][-]{section.13.1}{\376\377\000P\000a\000c\000k\000a\000g\000e\000\040\000M\000a\000n\000a\000g\000e\000m\000e\000n\000t}{chapter.13}% 135
\BOOKMARK [1][-]{section.13.2}{\376\377\000E\000s\000s\000e\000n\000t\000i\000a\000l\000\040\000P\000a\000c\000k\000a\000g\000e\000\040\000R\000e\000f\000e\000r\000e\000n\000c\000e}{chapter.13}% 136
\BOOKMARK [1][-]{section.13.3}{\376\377\000P\000a\000c\000k\000a\000g\000e\000\040\000C\000o\000n\000f\000l\000i\000c\000t\000s\000\040\000a\000n\000d\000\040\000L\000o\000a\000d\000i\000n\000g\000\040\000O\000r\000d\000e\000r}{chapter.13}% 137
\BOOKMARK [1][-]{section.13.4}{\376\377\000S\000I\000\040\000U\000n\000i\000t\000s\000\040\000\050\000s\000i\000u\000n\000i\000t\000x\000\051}{chapter.13}% 138
\BOOKMARK [1][-]{section.13.5}{\376\377\000C\000r\000e\000a\000t\000i\000n\000g\000\040\000Y\000o\000u\000r\000\040\000O\000w\000n\000\040\000P\000a\000c\000k\000a\000g\000e}{chapter.13}% 139
\BOOKMARK [0][-]{chapter.14}{\376\377\000C\000u\000s\000t\000o\000m\000\040\000C\000o\000m\000m\000a\000n\000d\000s\000\040\000\046\000\040\000E\000n\000v\000i\000r\000o\000n\000m\000e\000n\000t\000s}{}% 140
\BOOKMARK [1][-]{section.14.1}{\376\377\000N\000e\000w\000\040\000C\000o\000m\000m\000a\000n\000d\000s\000\040\000\050\000\134\000n\000e\000w\000c\000o\000m\000m\000a\000n\000d\000\051}{chapter.14}% 141
\BOOKMARK [2][-]{subsection.14.1.1}{\376\377\000P\000r\000a\000c\000t\000i\000c\000a\000l\000\040\000E\000x\000a\000m\000p\000l\000e\000s}{section.14.1}% 142
\BOOKMARK [1][-]{section.14.2}{\376\377\000R\000e\000n\000a\000m\000i\000n\000g\000\040\000C\000o\000m\000m\000a\000n\000d\000s\000\040\000\050\000\134\000r\000e\000n\000e\000w\000c\000o\000m\000m\000a\000n\000d\000\051}{chapter.14}% 143
\BOOKMARK [1][-]{section.14.3}{\376\377\000N\000e\000w\000\040\000E\000n\000v\000i\000r\000o\000n\000m\000e\000n\000t\000s}{chapter.14}% 144
\BOOKMARK [1][-]{section.14.4}{\376\377\000L\000e\000n\000g\000t\000h\000s\000\040\000a\000n\000d\000\040\000C\000o\000u\000n\000t\000e\000r\000s}{chapter.14}% 145
\BOOKMARK [2][-]{subsection.14.4.1}{\376\377\000D\000e\000f\000i\000n\000i\000n\000g\000\040\000L\000e\000n\000g\000t\000h\000s}{section.14.4}% 146
\BOOKMARK [2][-]{subsection.14.4.2}{\376\377\000S\000t\000a\000n\000d\000a\000r\000d\000\040\000L\000e\000n\000g\000t\000h\000s}{section.14.4}% 147
\BOOKMARK [2][-]{subsection.14.4.3}{\376\377\000C\000o\000u\000n\000t\000e\000r\000s}{section.14.4}% 148
\BOOKMARK [1][-]{section.14.5}{\376\377\000C\000o\000n\000d\000i\000t\000i\000o\000n\000a\000l\000\040\000C\000o\000m\000m\000a\000n\000d\000s}{chapter.14}% 149
\BOOKMARK [1][-]{section.14.6}{\376\377\000B\000o\000x\000e\000s}{chapter.14}% 150
\BOOKMARK [0][-]{chapter.15}{\376\377\000A\000d\000v\000a\000n\000c\000e\000d\000\040\000T\000o\000p\000i\000c\000s}{}% 151
\BOOKMARK [1][-]{section.15.1}{\376\377\000T\000a\000b\000l\000e\000s\000\040\000o\000f\000\040\000C\000o\000n\000t\000e\000n\000t\000s\000\040\000f\000o\000r\000\040\000N\000o\000n\000-\000S\000t\000a\000n\000d\000a\000r\000d\000\040\000S\000e\000c\000t\000i\000o\000n\000s}{chapter.15}% 152
\BOOKMARK [1][-]{section.15.2}{\376\377\000I\000n\000d\000e\000x}{chapter.15}% 153
\BOOKMARK [1][-]{section.15.3}{\376\377\000G\000l\000o\000s\000s\000a\000r\000y\000\040\000/\000\040\000A\000c\000r\000o\000n\000y\000m\000s}{chapter.15}% 154
\BOOKMARK [1][-]{section.15.4}{\376\377\000W\000a\000t\000e\000r\000m\000a\000r\000k\000s}{chapter.15}% 155
\BOOKMARK [1][-]{section.15.5}{\376\377\000C\000o\000n\000d\000i\000t\000i\000o\000n\000a\000l\000\040\000C\000o\000m\000p\000i\000l\000a\000t\000i\000o\000n}{chapter.15}% 156
\BOOKMARK [1][-]{section.15.6}{\376\377\000E\000x\000t\000e\000r\000n\000a\000l\000\040\000F\000i\000l\000e\000s\000\040\000a\000n\000d\000\040\000S\000h\000e\000l\000l\000\040\000E\000s\000c\000a\000p\000e}{chapter.15}% 157
\BOOKMARK [1][-]{section.15.7}{\376\377\000C\000o\000m\000p\000i\000l\000a\000t\000i\000o\000n\000\040\000T\000o\000o\000l\000s}{chapter.15}% 158
\BOOKMARK [2][-]{subsection.15.7.1}{\376\377\000l\000a\000t\000e\000x\000m\000k}{section.15.7}% 159
\BOOKMARK [2][-]{subsection.15.7.2}{\376\377\000C\000o\000m\000p\000i\000l\000a\000t\000i\000o\000n\000\040\000E\000n\000g\000i\000n\000e\000s}{section.15.7}% 160
\BOOKMARK [2][-]{subsection.15.7.3}{\376\377\000U\000s\000i\000n\000g\000\040\000S\000y\000s\000t\000e\000m\000\040\000F\000o\000n\000t\000s\000\040\000\050\000X\000e\000L\000a\000T\000e\000X\000/\000L\000u\000a\000L\000a\000T\000e\000X\000\051}{section.15.7}% 161
\BOOKMARK [1][-]{section.15.8}{\376\377\000B\000e\000a\000m\000e\000r\000\040\000P\000r\000e\000s\000e\000n\000t\000a\000t\000i\000o\000n\000s\000\040\000\050\000O\000v\000e\000r\000v\000i\000e\000w\000\051}{chapter.15}% 162
\BOOKMARK [1][-]{section.15.9}{\376\377\000M\000u\000l\000t\000i\000l\000i\000n\000g\000u\000a\000l\000\040\000S\000u\000p\000p\000o\000r\000t}{chapter.15}% 163
\BOOKMARK [1][-]{section.15.10}{\376\377\000E\000r\000r\000o\000r\000\040\000H\000a\000n\000d\000l\000i\000n\000g}{chapter.15}% 164
\BOOKMARK [0][-]{appendix.A}{\376\377\000Q\000u\000i\000c\000k\000\040\000R\000e\000f\000e\000r\000e\000n\000c\000e\000\040\000C\000a\000r\000d}{}% 165
\BOOKMARK [1][-]{section.A.1}{\376\377\000D\000o\000c\000u\000m\000e\000n\000t\000\040\000S\000k\000e\000l\000e\000t\000o\000n}{appendix.A}% 166
\BOOKMARK [1][-]{section.A.2}{\376\377\000S\000y\000m\000b\000o\000l\000\040\000Q\000u\000i\000c\000k\000\040\000R\000e\000f\000e\000r\000e\000n\000c\000e}{appendix.A}% 167
\BOOKMARK [1][-]{section.A.3}{\376\377\000U\000s\000e\000f\000u\000l\000\040\000C\000o\000m\000m\000a\000n\000d\000s\000\040\000C\000h\000e\000a\000t\000\040\000S\000h\000e\000e\000t}{appendix.A}% 168
\BOOKMARK [1][-]{section.A.4}{\376\377\000C\000o\000m\000p\000i\000l\000a\000t\000i\000o\000n\000\040\000W\000o\000r\000k\000f\000l\000o\000w}{appendix.A}% 169
